Script started on 2019-04-02 08:33:54-0600
]0;bijan@bijan: ~/hello-world/project2/CU_ring_test[01;32mbijan@bijan[00m:[01;34m~/hello-world/project2/CU_ring_test[00m$ ./unittest 


     CUnit - A unit testing framework for C - Version 2.1-3
     http://cunit.sourceforge.net/

		#################################
		#  Circular Buffer Manual Test  #
		#################################

Please enter the size of the buffer ( in powers of 2 ): 16

You entered: 16

Type a string for writing to the buffer:  abcdefghijklmnop

You entered: abcdefghijklmnop

And the number of characters for removal: 4

You entered: 4


Suite: Basic_Test_Suite1

  Test:  

===> init() function: ...passed
  Test:  

===> insert() function: ...

Previous Buffer Status:
~~~~~~~~~~~~~~~~~~~~~~~~~~~~~~~~~~~~~~~~~~
Tail: 0    	Head: 0    	Entries: 0	

Buffer Contents Linear Queue (Tail to Head): ...
Buffer Contents Circular Queue: ..."----------------"
~~~~~~~~~~~~~~~~~~~~~~~~~~~~~~~~~~~~~~~~~~
Tail: 0    	Head: 0    	Entries: 16	

Buffer Contents Linear Queue (Tail to Head): ...abcdefghijklmnop
Buffer Contents Circular Queue: ..."abcdefghijklmnop"
~~~~~~~~~~~~~~~~~~~~~~~~~~~~~~~~~~~~~~~~~~passed
  Test:  

===> read() function: ...
Tail: 4    	Head: 0    	Entries: 12	Data Out: abcd 

Buffer Contents Linear Queue (Tail to Head): ...efghijklmnop
Buffer Contents Circular Queue: ..."----efghijklmnop"
~~~~~~~~~~~~~~~~~~~~~~~~~~~~~~~~~~~~~~~~~~passed
  Test:  

===> entries() function: ... 
Tail: 4    	Head: 0    	Entries: 12...
~~~~~~~~~~~~~~~~~~~~~~~~~~~~~~~~~~~~~~~~~~passed
  Test:  

===> compare() function: ...

!!!~~> Expected buffer overflow at location: ... 4
 
Data sent and recieved are equalFAILED
    1. ring_test.c:297  - 0 == check_insert

Run Summary:    Type  Total    Ran Passed Failed Inactive
              suites      1      1    n/a      0        0
               tests      5      5      4      1        0
             asserts     34     34     33      1      n/a

Elapsed time =    0.001 seconds
Continue? (Y)es, (N)o 
n y
]0;bijan@bijan: ~/hello-world/project2/CU_ring_test[01;32mbijan@bijan[00m:[01;34m~/hello-world/project2/CU_ring_test[00m$ ./unittest [3@make [C[C[C[C[C[C[C[C[C
gcc -c ring_test.c
gcc -Wall -Werror -I~/local/include/CUnit  ring_test.o ring.o -L~/local/lib -lcunit -o unittest
]0;bijan@bijan: ~/hello-world/project2/CU_ring_test[01;32mbijan@bijan[00m:[01;34m~/hello-world/project2/CU_ring_test[00m$ make unittest [3P./[C[C[C[C[C[C[C[C[C


     CUnit - A unit testing framework for C - Version 2.1-3
     http://cunit.sourceforge.net/

		#################################
		#  Circular Buffer Manual Test  #
		#################################

Please enter the size of the buffer ( in powers of 2 ): 16

You entered: 16

Type a string for writing to the buffer:  abcdefg

You entered: abcdefg

And the number of characters for removal: 2

You entered: 2


Suite: Basic_Test_Suite1

  Test:  

===> init() function: ...passed
  Test:  

===> insert() function: ...

Previous Buffer Status:
~~~~~~~~~~~~~~~~~~~~~~~~~~~~~~~~~~~~~~~~~~
Tail: 0    	Head: 0    	Entries: 0	

Buffer Contents Linear Queue (Tail to Head): ...
Buffer Contents Circular Queue: ..."----------------"
~~~~~~~~~~~~~~~~~~~~~~~~~~~~~~~~~~~~~~~~~~
Tail: 0    	Head: 7    	Entries: 7	

Buffer Contents Linear Queue (Tail to Head): ...abcdefg
Buffer Contents Circular Queue: ..."abcdefg---------"
~~~~~~~~~~~~~~~~~~~~~~~~~~~~~~~~~~~~~~~~~~passed
  Test:  

===> read() function: ...
Tail: 2    	Head: 7    	Entries: 5	Data Out: ab 

Buffer Contents Linear Queue (Tail to Head): ...cdefg
Buffer Contents Circular Queue: ..."--cdefg---------"
~~~~~~~~~~~~~~~~~~~~~~~~~~~~~~~~~~~~~~~~~~passed
  Test:  

===> entries() function: ... 
Tail: 2    	Head: 7    	Entries: 5...
~~~~~~~~~~~~~~~~~~~~~~~~~~~~~~~~~~~~~~~~~~passed
  Test:  

===> compare() function: ... 
Data sent and recieved are equalpassed

Run Summary:    Type  Total    Ran Passed Failed Inactive
              suites      1      1    n/a      0        0
               tests      5      5      5      0        0
             asserts     14     14     14      0      n/a

Elapsed time =    0.001 seconds
Continue? (Y)es, (N)o y
Do you wish to modify the buffer size? (Y)es, (N)o: y


     CUnit - A unit testing framework for C - Version 2.1-3
     http://cunit.sourceforge.net/

Please enter the size of the buffer ( in powers of 2 ): 12345     8

You entered: 8

Type a string for writing to the buffer:  ABCD

You entered: ABCD

And the number of characters for removal: 2

You entered: 2


Suite: Basic_Test_Suite1

  Test:  

===> init() function: ...passed
  Test:  

===> insert() function: ...

Previous Buffer Status:
~~~~~~~~~~~~~~~~~~~~~~~~~~~~~~~~~~~~~~~~~~
Tail: 2    	Head: 7    	Entries: 5	

Buffer Contents Linear Queue (Tail to Head): ...cdefg
Buffer Contents Circular Queue: ..."--cdefg---------"

Previous Buffer after resize:

Tail: 0    	Head: 5    	Entries: 5	

Buffer Contents Linear Queue (Tail to Head): ...cdefg
Buffer Contents Circular Queue: ..."cdefg---"
~~~~~~~~~~~~~~~~~~~~~~~~~~~~~~~~~~~~~~~~~~

!!!~~> Expected buffer overflow at location: ... 0

Tail: 0    	Head: 0    	Entries: 8	

Buffer Contents Linear Queue (Tail to Head): ...cdefgABC
Buffer Contents Circular Queue: ..."cdefgABC"
~~~~~~~~~~~~~~~~~~~~~~~~~~~~~~~~~~~~~~~~~~FAILED
    1. ring_test.c:216  - 0 == check_insert
  Test:  

===> read() function: ...
Tail: 2    	Head: 0    	Entries: 6	Data Out: cd 

Buffer Contents Linear Queue (Tail to Head): ...efgABC
Buffer Contents Circular Queue: ..."--efgABC"
~~~~~~~~~~~~~~~~~~~~~~~~~~~~~~~~~~~~~~~~~~passed
  Test:  

===> entries() function: ... 
Tail: 2    	Head: 0    	Entries: 6...
~~~~~~~~~~~~~~~~~~~~~~~~~~~~~~~~~~~~~~~~~~passed
  Test:  

===> compare() function: ... 
Data sent and recieved are equalpassed

Run Summary:    Type  Total    Ran Passed Failed Inactive
              suites      1      1    n/a      0        0
               tests      5      5      4      1        0
             asserts     11     11     10      1      n/a

Elapsed time =    0.001 seconds
Continue? (Y)es, (N)o n
]0;bijan@bijan: ~/hello-world/project2/CU_ring_test[01;32mbijan@bijan[00m:[01;34m~/hello-world/project2/CU_ring_test[00m$ exit
exit

Script done on 2019-04-02 09:03:27-0600
